Arguments: 
  C:\Program Files\nodejs\node.exe C:\Program Files (x86)\Yarn\bin\yarn.js

PATH: 
  C:\Python310\Scripts\;C:\Python310\;D:\XiaoYnag\software\StudySoft\python2.7.17\;D:\XiaoYnag\software\StudySoft\python2.7.17\Scripts;D:\XiaoYnag\software\StudySoft\java\jdk1.8.0_172\bin;D:\XiaoYnag\software\StudySoft\java\jdk1.8.0_172\jre\bin;C:\windows\system32;C:\windows;C:\windows\System32\Wbem;C:\windows\System32\WindowsPowerShell\v1.0\;C:\windows\System32\OpenSSH\;C:\Program Files (x86)\NVIDIA Corporation\PhysX\Common;C:\Program Files\NVIDIA Corporation\NVIDIA NvDLISR;C:\Program Files\Intel\WiFi\bin\;C:\Program Files\Common Files\Intel\WirelessCommon\;D:\XiaoYnag\software\toolsSoft\Git\cmd;D:\XiaoYnag\software\toolsSoft\nvm;C:\Program Files\nodejs;C:\Users\XU\AppData\Local\Android\Sdk\platform-tools;C:\Users\XU\AppData\Local\Android\Sdk\emulator;C:\Users\XU\AppData\Local\Android\Sdk\tools;C:\Users\XU\AppData\Local\Android\Sdk\tools\bin;D:\XiaoYnag\software\StudySoft\flutter\flutter\bin;C:\Program Files (x86)\Yarn\bin\;C:\WINDOWS\system32;C:\WINDOWS;C:\WINDOWS\System32\Wbem;C:\WINDOWS\System32\WindowsPowerShell\v1.0\;C:\WINDOWS\System32\OpenSSH\;C:\Program Files\nodejs\;C:\ProgramData\chocolatey\bin;C:\Users\XU\AppData\Local\pnpm;C:\Users\XU\AppData\Local\Programs\Python\Python37\Scripts\;C:\Users\XU\AppData\Local\Programs\Python\Python37\;C:\Users\XU\AppData\Local\Microsoft\WindowsApps;D:\XiaoYnag\software\toolsSoft\Microsoft VS Code\bin;C:\Users\XU\.deno\bin;C:\Users\XU\AppData\Local\Yarn\bin;C:\Users\XU\AppData\Local\Microsoft\WindowsApps;C:\Users\XU\AppData\Roaming\npm

Yarn version: 
  1.22.4

Node version: 
  16.14.2

Platform: 
  win32 x64

Trace: 
  Error: EBUSY: resource busy or locked, unlink 'D:\XiaoYnag\2022\electron\resume\node_modules\electron\dist\resources\default_app.asar'

npm manifest: 
  {
    "name": "resume",
    "version": "1.0.0",
    "description": "",
    "main": "index.js",
    "scripts": {
      "start": "cross-env NODE_ENV=development electron ./dist/main.js",
      "build:main": "cross-env NODE_ENV=production webpack --config ./webpack/webpack.main.config.js",
      "build:renderer": "webpack --config ./webpack/webpack.render.config.js",
      "build": "run-p build:main build:renderer",
      "dev:main": "cross-env NODE_ENV=development webpack --config ./webpack/webpack.main.config.js --watch",
      "dev:renderer": "webpack serve --config ./webpack/webpack.render.config.js",
      "dev": "run-p dev:main dev:renderer",
      "lint": "eslint --ext .js,.jsx,.ts,.tsx --fix --quiet ./src"
    },
    "keywords": [],
    "author": "",
    "license": "ISC",
    "devDependencies": {
      "@babel/core": "^7.19.1",
      "@babel/node": "^7.16.8",
      "@babel/preset-env": "^7.19.1",
      "@babel/preset-react": "^7.18.6",
      "@babel/preset-typescript": "^7.18.6",
      "@babel/runtime": "^7.19.0",
      "@hot-loader/react-dom": "^17.0.2",
      "@types/react": "^18.0.21",
      "@types/react-dom": "^18.0.6",
      "@types/react-router-dom": "^5.3.3",
      "@typescript-eslint/eslint-plugin": "^5.38.0",
      "@typescript-eslint/parser": "^5.38.0",
      "autoprefixer": "^10.4.12",
      "babel-loader": "^8.2.5",
      "clean-webpack-plugin": "^4.0.0",
      "cross-env": "^7.0.3",
      "css-loader": "^6.7.1",
      "electron": "^17.4.11",
      "electron-reloader": "^1.2.3",
      "eslint": "^8.24.0",
      "eslint-config-prettier": "^8.5.0",
      "eslint-plugin-prettier": "^4.2.1",
      "eslint-plugin-react": "^7.31.8",
      "eslint-webpack-plugin": "^3.2.0",
      "html-webpack-plugin": "^5.5.0",
      "less": "^4.1.3",
      "less-loader": "^11.0.0",
      "mini-css-extract-plugin": "^2.6.1",
      "npm-run-all": "^4.1.5",
      "postcss": "^8.4.16",
      "postcss-loader": "^7.0.1",
      "prettier": "^2.7.1",
      "react-hot-loader": "^4.13.0",
      "style-loader": "^3.3.1",
      "ts-loader": "^9.4.1",
      "typescript": "^4.8.3",
      "webpack": "^5.74.0",
      "webpack-cli": "^4.10.0",
      "webpack-dev-server": "^4.7.4",
      "webpack-electron-reload": "^1.0.1",
      "webpack-merge": "^5.8.0",
      "webpack-node-externals": "^3.0.0"
    },
    "dependencies": {
      "@babel/plugin-transform-modules-commonjs": "^7.18.6",
      "@babel/plugin-transform-runtime": "^7.19.1",
      "@babel/polyfill": "^7.12.1",
      "react": "^17.0.2",
      "react-dom": "^17.0.2",
      "react-router": "^5.2.0",
      "react-router-dom": "^5.2.0"
    }
  }

yarn manifest: 
  No manifest

Lockfile: 
  No lockfile
